#################################################################
# If you used AutoDock Vina in your work, please cite:          #
#                                                               #
# O. Trott, A. J. Olson,                                        #
# AutoDock Vina: improving the speed and accuracy of docking    #
# with a new scoring function, efficient optimization and       #
# multithreading, Journal of Computational Chemistry 31 (2010)  #
# 455-461                                                       #
#                                                               #
# DOI 10.1002/jcc.21334                                         #
#                                                               #
# Please see http://vina.scripps.edu for more information.      #
#################################################################

Output will be molecule_436_out.pdbqt
Detected 4 CPUs
Reading input ... done.
Setting up the scoring function ... done.
Analyzing the binding site ... done.
Using random seed: 1077169616
Performing search ... done.
Refining results ... done.

mode |   affinity | dist from best mode
     | (kcal/mol) | rmsd l.b.| rmsd u.b.
-----+------------+----------+----------
   1        -13.2      0.000      0.000
   2        -12.0      2.212      5.473
   3        -11.1      1.140      1.935
   4        -10.7      2.039      5.210
   5        -10.7      1.678      2.504
   6         -9.9      2.284      4.499
   7         -9.5      2.499      4.174
   8         -9.5      3.185      3.993
   9         -9.3      2.322      3.474
  10         -9.2     15.602     18.219
Writing output ... done.
