#################################################################
# If you used AutoDock Vina in your work, please cite:          #
#                                                               #
# O. Trott, A. J. Olson,                                        #
# AutoDock Vina: improving the speed and accuracy of docking    #
# with a new scoring function, efficient optimization and       #
# multithreading, Journal of Computational Chemistry 31 (2010)  #
# 455-461                                                       #
#                                                               #
# DOI 10.1002/jcc.21334                                         #
#                                                               #
# Please see http://vina.scripps.edu for more information.      #
#################################################################

Output will be molecule_1147_out.pdbqt
Detected 4 CPUs
Reading input ... done.
Setting up the scoring function ... done.
Analyzing the binding site ... done.
Using random seed: -450895632
Performing search ... done.
Refining results ... done.

mode |   affinity | dist from best mode
     | (kcal/mol) | rmsd l.b.| rmsd u.b.
-----+------------+----------+----------
   1        -11.6      0.000      0.000
   2        -11.3      3.825      4.889
   3        -11.0      4.084      5.243
   4        -10.9      4.390      5.364
   5        -10.8      3.731      5.485
   6        -10.2      3.192      6.372
   7         -9.9      5.292      6.834
   8         -9.1      1.928      2.735
   9         -9.0      5.151      6.492
  10         -8.6     18.114     19.262
Writing output ... done.
