#################################################################
# If you used AutoDock Vina in your work, please cite:          #
#                                                               #
# O. Trott, A. J. Olson,                                        #
# AutoDock Vina: improving the speed and accuracy of docking    #
# with a new scoring function, efficient optimization and       #
# multithreading, Journal of Computational Chemistry 31 (2010)  #
# 455-461                                                       #
#                                                               #
# DOI 10.1002/jcc.21334                                         #
#                                                               #
# Please see http://vina.scripps.edu for more information.      #
#################################################################

Output will be molecule_525_out.pdbqt
Detected 4 CPUs
Reading input ... done.
Setting up the scoring function ... done.
Analyzing the binding site ... done.
Using random seed: 1115939444
Performing search ... done.
Refining results ... done.

mode |   affinity | dist from best mode
     | (kcal/mol) | rmsd l.b.| rmsd u.b.
-----+------------+----------+----------
   1        -10.2      0.000      0.000
   2        -10.1      2.779      4.724
   3         -9.9      2.569      4.413
   4         -9.8      2.622      5.356
   5         -9.7      1.225      5.447
   6         -9.3      2.015      5.439
   7         -9.2      1.609      5.063
   8         -9.2      2.314      5.363
   9         -9.1      1.805      5.292
  10         -9.0      2.454      5.210
Writing output ... done.
