#################################################################
# If you used AutoDock Vina in your work, please cite:          #
#                                                               #
# O. Trott, A. J. Olson,                                        #
# AutoDock Vina: improving the speed and accuracy of docking    #
# with a new scoring function, efficient optimization and       #
# multithreading, Journal of Computational Chemistry 31 (2010)  #
# 455-461                                                       #
#                                                               #
# DOI 10.1002/jcc.21334                                         #
#                                                               #
# Please see http://vina.scripps.edu for more information.      #
#################################################################

Output will be molecule_3991_out.pdbqt
Detected 4 CPUs
Reading input ... done.
Setting up the scoring function ... done.
Analyzing the binding site ... done.
Using random seed: 53526508
Performing search ... done.
Refining results ... done.

mode |   affinity | dist from best mode
     | (kcal/mol) | rmsd l.b.| rmsd u.b.
-----+------------+----------+----------
   1        -12.2      0.000      0.000
   2        -11.8      2.892      5.807
   3        -11.6      4.014      5.403
   4        -10.4      3.873      5.189
   5        -10.2      3.307      6.715
   6         -9.8      2.223      3.627
   7         -9.8      2.940      4.382
   8         -9.8      3.266      5.382
   9         -9.6      3.537      4.866
  10         -9.5      2.518      5.327
Writing output ... done.
