#################################################################
# If you used AutoDock Vina in your work, please cite:          #
#                                                               #
# O. Trott, A. J. Olson,                                        #
# AutoDock Vina: improving the speed and accuracy of docking    #
# with a new scoring function, efficient optimization and       #
# multithreading, Journal of Computational Chemistry 31 (2010)  #
# 455-461                                                       #
#                                                               #
# DOI 10.1002/jcc.21334                                         #
#                                                               #
# Please see http://vina.scripps.edu for more information.      #
#################################################################

Output will be molecule_892_out.pdbqt
Detected 4 CPUs
Reading input ... done.
Setting up the scoring function ... done.
Analyzing the binding site ... done.
Using random seed: 810004536
Performing search ... done.
Refining results ... done.

mode |   affinity | dist from best mode
     | (kcal/mol) | rmsd l.b.| rmsd u.b.
-----+------------+----------+----------
   1        -10.5      0.000      0.000
   2        -10.1      4.202      5.476
   3         -9.6      2.241      2.994
   4         -9.2      4.378      5.606
   5         -9.1      1.835      5.752
   6         -8.9      2.671      6.267
   7         -7.7     18.004     19.221
   8         -7.5     14.300     16.031
   9         -7.1     15.757     18.092
  10         -7.0     14.686     16.932
Writing output ... done.
