#################################################################
# If you used AutoDock Vina in your work, please cite:          #
#                                                               #
# O. Trott, A. J. Olson,                                        #
# AutoDock Vina: improving the speed and accuracy of docking    #
# with a new scoring function, efficient optimization and       #
# multithreading, Journal of Computational Chemistry 31 (2010)  #
# 455-461                                                       #
#                                                               #
# DOI 10.1002/jcc.21334                                         #
#                                                               #
# Please see http://vina.scripps.edu for more information.      #
#################################################################

Output will be molecule_518_out.pdbqt
Detected 4 CPUs
Reading input ... done.
Setting up the scoring function ... done.
Analyzing the binding site ... done.
Using random seed: -788078880
Performing search ... done.
Refining results ... done.

mode |   affinity | dist from best mode
     | (kcal/mol) | rmsd l.b.| rmsd u.b.
-----+------------+----------+----------
   1        -12.2      0.000      0.000
   2        -12.0      2.212      5.552
   3        -11.6      1.476      2.391
   4        -11.5      1.967      5.553
   5        -11.4      2.359      5.891
   6        -11.2      1.256      2.079
   7        -10.8      2.986      5.190
   8        -10.8      2.509      4.775
   9        -10.7      2.677      4.228
  10        -10.7      2.536      5.277
Writing output ... done.
