#################################################################
# If you used AutoDock Vina in your work, please cite:          #
#                                                               #
# O. Trott, A. J. Olson,                                        #
# AutoDock Vina: improving the speed and accuracy of docking    #
# with a new scoring function, efficient optimization and       #
# multithreading, Journal of Computational Chemistry 31 (2010)  #
# 455-461                                                       #
#                                                               #
# DOI 10.1002/jcc.21334                                         #
#                                                               #
# Please see http://vina.scripps.edu for more information.      #
#################################################################

Output will be molecule_2647_out.pdbqt
Detected 4 CPUs
Reading input ... done.
Setting up the scoring function ... done.
Analyzing the binding site ... done.
Using random seed: -304889296
Performing search ... done.
Refining results ... done.

mode |   affinity | dist from best mode
     | (kcal/mol) | rmsd l.b.| rmsd u.b.
-----+------------+----------+----------
   1        -12.3      0.000      0.000
   2        -11.6      1.330      4.976
   3        -11.5      1.730      3.043
   4        -11.0      2.181      4.548
   5        -10.6      2.022      4.957
   6        -10.0      2.031      5.817
   7         -9.9      1.987      3.754
   8         -9.6      2.354      4.244
   9         -9.3      1.810      3.872
  10         -9.1     16.063     18.751
Writing output ... done.
