#################################################################
# If you used AutoDock Vina in your work, please cite:          #
#                                                               #
# O. Trott, A. J. Olson,                                        #
# AutoDock Vina: improving the speed and accuracy of docking    #
# with a new scoring function, efficient optimization and       #
# multithreading, Journal of Computational Chemistry 31 (2010)  #
# 455-461                                                       #
#                                                               #
# DOI 10.1002/jcc.21334                                         #
#                                                               #
# Please see http://vina.scripps.edu for more information.      #
#################################################################

Output will be molecule_1013_out.pdbqt
Detected 4 CPUs
Reading input ... done.
Setting up the scoring function ... done.
Analyzing the binding site ... done.
Using random seed: 871466432
Performing search ... done.
Refining results ... done.

mode |   affinity | dist from best mode
     | (kcal/mol) | rmsd l.b.| rmsd u.b.
-----+------------+----------+----------
   1         -9.5      0.000      0.000
   2         -9.1      2.068      5.402
   3         -9.1      3.369      5.133
   4         -8.8      2.074      6.856
   5         -8.7      2.457      4.150
   6         -8.3     18.172     19.640
   7         -8.1      2.704      4.697
   8         -8.1      2.180      5.935
   9         -7.7      2.176      5.793
  10         -7.6      1.816      2.705
Writing output ... done.
