#################################################################
# If you used AutoDock Vina in your work, please cite:          #
#                                                               #
# O. Trott, A. J. Olson,                                        #
# AutoDock Vina: improving the speed and accuracy of docking    #
# with a new scoring function, efficient optimization and       #
# multithreading, Journal of Computational Chemistry 31 (2010)  #
# 455-461                                                       #
#                                                               #
# DOI 10.1002/jcc.21334                                         #
#                                                               #
# Please see http://vina.scripps.edu for more information.      #
#################################################################

Output will be molecule_2561_out.pdbqt
Detected 4 CPUs
Reading input ... done.
Setting up the scoring function ... done.
Analyzing the binding site ... done.
Using random seed: -498460980
Performing search ... done.
Refining results ... done.

mode |   affinity | dist from best mode
     | (kcal/mol) | rmsd l.b.| rmsd u.b.
-----+------------+----------+----------
   1        -12.5      0.000      0.000
   2        -12.5      2.422      5.727
   3        -11.7      1.839      2.725
   4        -11.2      2.970      6.264
   5        -10.7      4.664      5.284
   6        -10.3      3.491      4.791
   7         -9.7      4.314      5.360
   8         -9.0     14.325     16.349
   9         -8.6     14.375     15.947
  10         -8.5     14.279     16.545
Writing output ... done.
