#################################################################
# If you used AutoDock Vina in your work, please cite:          #
#                                                               #
# O. Trott, A. J. Olson,                                        #
# AutoDock Vina: improving the speed and accuracy of docking    #
# with a new scoring function, efficient optimization and       #
# multithreading, Journal of Computational Chemistry 31 (2010)  #
# 455-461                                                       #
#                                                               #
# DOI 10.1002/jcc.21334                                         #
#                                                               #
# Please see http://vina.scripps.edu for more information.      #
#################################################################

Output will be molecule_2645_out.pdbqt
Detected 4 CPUs
Reading input ... done.
Setting up the scoring function ... done.
Analyzing the binding site ... done.
Using random seed: 748627452
Performing search ... done.
Refining results ... done.

mode |   affinity | dist from best mode
     | (kcal/mol) | rmsd l.b.| rmsd u.b.
-----+------------+----------+----------
   1        -11.3      0.000      0.000
   2        -10.9      1.656      3.601
   3        -10.4      1.831      4.772
   4        -10.1      1.496      4.668
   5         -9.7      1.940      5.866
   6         -9.6      2.806      4.630
   7         -9.5      1.204      4.580
   8         -9.4      1.843      3.885
   9         -8.9      1.598      3.613
  10         -8.9      2.310      3.953
Writing output ... done.
