#################################################################
# If you used AutoDock Vina in your work, please cite:          #
#                                                               #
# O. Trott, A. J. Olson,                                        #
# AutoDock Vina: improving the speed and accuracy of docking    #
# with a new scoring function, efficient optimization and       #
# multithreading, Journal of Computational Chemistry 31 (2010)  #
# 455-461                                                       #
#                                                               #
# DOI 10.1002/jcc.21334                                         #
#                                                               #
# Please see http://vina.scripps.edu for more information.      #
#################################################################

Output will be molecule_3346_out.pdbqt
Detected 4 CPUs
Reading input ... done.
Setting up the scoring function ... done.
Analyzing the binding site ... done.
Using random seed: 1597958504
Performing search ... done.
Refining results ... done.

mode |   affinity | dist from best mode
     | (kcal/mol) | rmsd l.b.| rmsd u.b.
-----+------------+----------+----------
   1        -13.0      0.000      0.000
   2        -12.5      2.539      4.690
   3        -11.7      3.248      4.972
   4        -11.2      1.495      4.931
   5        -10.7      2.432      4.202
   6        -10.7      2.416      4.718
   7        -10.4      1.616      3.665
   8        -10.4      1.873      2.744
   9        -10.3      2.372      4.961
  10        -10.3      1.689      3.686
Writing output ... done.
