#################################################################
# If you used AutoDock Vina in your work, please cite:          #
#                                                               #
# O. Trott, A. J. Olson,                                        #
# AutoDock Vina: improving the speed and accuracy of docking    #
# with a new scoring function, efficient optimization and       #
# multithreading, Journal of Computational Chemistry 31 (2010)  #
# 455-461                                                       #
#                                                               #
# DOI 10.1002/jcc.21334                                         #
#                                                               #
# Please see http://vina.scripps.edu for more information.      #
#################################################################

Output will be molecule_2375_out.pdbqt
Detected 4 CPUs
Reading input ... done.
Setting up the scoring function ... done.
Analyzing the binding site ... done.
Using random seed: 782617152
Performing search ... done.
Refining results ... done.

mode |   affinity | dist from best mode
     | (kcal/mol) | rmsd l.b.| rmsd u.b.
-----+------------+----------+----------
   1        -12.4      0.000      0.000
   2        -11.3      2.272      3.504
   3        -11.2      1.894      4.300
   4        -11.2      1.870      3.848
   5        -11.1      1.237      3.900
   6        -11.0      1.813      5.758
   7        -10.4      1.223      4.700
   8        -10.4      1.600      2.012
   9        -10.3      1.513      3.678
  10        -10.1      1.004      4.437
Writing output ... done.
