#################################################################
# If you used AutoDock Vina in your work, please cite:          #
#                                                               #
# O. Trott, A. J. Olson,                                        #
# AutoDock Vina: improving the speed and accuracy of docking    #
# with a new scoring function, efficient optimization and       #
# multithreading, Journal of Computational Chemistry 31 (2010)  #
# 455-461                                                       #
#                                                               #
# DOI 10.1002/jcc.21334                                         #
#                                                               #
# Please see http://vina.scripps.edu for more information.      #
#################################################################

Output will be molecule_3370_out.pdbqt
Detected 4 CPUs
Reading input ... done.
Setting up the scoring function ... done.
Analyzing the binding site ... done.
Using random seed: 1534250096
Performing search ... done.
Refining results ... done.

mode |   affinity | dist from best mode
     | (kcal/mol) | rmsd l.b.| rmsd u.b.
-----+------------+----------+----------
   1         -9.5      0.000      0.000
   2         -9.5      1.561      2.479
   3         -9.0      2.555      5.130
   4         -7.8      1.452      5.912
   5         -7.6      1.387      6.066
   6         -7.5      2.086      7.253
   7         -6.3     16.736     18.630
   8         -6.0     15.044     16.808
   9         -5.9     16.030     18.408
  10         -5.6     15.936     17.949
Writing output ... done.
