#################################################################
# If you used AutoDock Vina in your work, please cite:          #
#                                                               #
# O. Trott, A. J. Olson,                                        #
# AutoDock Vina: improving the speed and accuracy of docking    #
# with a new scoring function, efficient optimization and       #
# multithreading, Journal of Computational Chemistry 31 (2010)  #
# 455-461                                                       #
#                                                               #
# DOI 10.1002/jcc.21334                                         #
#                                                               #
# Please see http://vina.scripps.edu for more information.      #
#################################################################

Output will be molecule_1840_out.pdbqt
Detected 4 CPUs
Reading input ... done.
Setting up the scoring function ... done.
Analyzing the binding site ... done.
Using random seed: 785529744
Performing search ... done.
Refining results ... done.

mode |   affinity | dist from best mode
     | (kcal/mol) | rmsd l.b.| rmsd u.b.
-----+------------+----------+----------
   1         -9.8      0.000      0.000
   2         -9.2      3.567      4.652
   3         -8.9      2.331      3.354
   4         -8.3      3.871      7.382
   5         -8.0      1.743      2.538
   6         -7.7      2.511      4.017
   7         -7.6      3.000      6.614
   8         -7.3      2.840      6.081
   9         -7.0     15.196     16.926
  10         -6.6     14.510     15.734
Writing output ... done.
