#################################################################
# If you used AutoDock Vina in your work, please cite:          #
#                                                               #
# O. Trott, A. J. Olson,                                        #
# AutoDock Vina: improving the speed and accuracy of docking    #
# with a new scoring function, efficient optimization and       #
# multithreading, Journal of Computational Chemistry 31 (2010)  #
# 455-461                                                       #
#                                                               #
# DOI 10.1002/jcc.21334                                         #
#                                                               #
# Please see http://vina.scripps.edu for more information.      #
#################################################################

Output will be molecule_3372_out.pdbqt
Detected 4 CPUs
Reading input ... done.
Setting up the scoring function ... done.
Analyzing the binding site ... done.
Using random seed: -1095753664
Performing search ... done.
Refining results ... done.

mode |   affinity | dist from best mode
     | (kcal/mol) | rmsd l.b.| rmsd u.b.
-----+------------+----------+----------
   1        -12.8      0.000      0.000
   2        -11.6      1.526      5.244
   3        -10.9      2.639      6.395
   4        -10.7      3.524      5.317
   5        -10.3      2.582      4.958
   6        -10.1      1.810      2.966
   7         -9.7      2.922      4.447
   8         -9.7      2.951      4.371
   9         -9.4      2.355      5.642
  10         -9.4      3.545      4.945
Writing output ... done.
