#################################################################
# If you used AutoDock Vina in your work, please cite:          #
#                                                               #
# O. Trott, A. J. Olson,                                        #
# AutoDock Vina: improving the speed and accuracy of docking    #
# with a new scoring function, efficient optimization and       #
# multithreading, Journal of Computational Chemistry 31 (2010)  #
# 455-461                                                       #
#                                                               #
# DOI 10.1002/jcc.21334                                         #
#                                                               #
# Please see http://vina.scripps.edu for more information.      #
#################################################################

Output will be molecule_2063_out.pdbqt
Detected 4 CPUs
Reading input ... done.
Setting up the scoring function ... done.
Analyzing the binding site ... done.
Using random seed: -178841552
Performing search ... done.
Refining results ... done.

mode |   affinity | dist from best mode
     | (kcal/mol) | rmsd l.b.| rmsd u.b.
-----+------------+----------+----------
   1        -11.1      0.000      0.000
   2        -11.0      1.466      4.163
   3        -10.4      1.126      4.512
   4        -10.4      1.571      4.661
   5        -10.4      1.426      5.803
   6        -10.1      1.524      4.581
   7        -10.0      1.568      3.631
   8         -9.9      1.211      2.179
   9         -9.4      1.758      4.040
  10         -9.2      1.367      4.569
Writing output ... done.
