#################################################################
# If you used AutoDock Vina in your work, please cite:          #
#                                                               #
# O. Trott, A. J. Olson,                                        #
# AutoDock Vina: improving the speed and accuracy of docking    #
# with a new scoring function, efficient optimization and       #
# multithreading, Journal of Computational Chemistry 31 (2010)  #
# 455-461                                                       #
#                                                               #
# DOI 10.1002/jcc.21334                                         #
#                                                               #
# Please see http://vina.scripps.edu for more information.      #
#################################################################

Output will be molecule_1423_out.pdbqt
Detected 4 CPUs
Reading input ... done.
Setting up the scoring function ... done.
Analyzing the binding site ... done.
Using random seed: -362137580
Performing search ... done.
Refining results ... done.

mode |   affinity | dist from best mode
     | (kcal/mol) | rmsd l.b.| rmsd u.b.
-----+------------+----------+----------
   1          9.8      0.000      0.000
   2         10.0      2.520      6.066
   3         10.3      3.130      4.935
   4         11.5      2.765      4.573
   5         11.5      3.027      6.136
   6         11.6      3.166      7.172
   7         11.6      2.898      5.496
   8         12.2      2.883      5.902
   9         12.7      3.024      5.356
  10         12.8      1.478      1.952
Writing output ... done.
