#################################################################
# If you used AutoDock Vina in your work, please cite:          #
#                                                               #
# O. Trott, A. J. Olson,                                        #
# AutoDock Vina: improving the speed and accuracy of docking    #
# with a new scoring function, efficient optimization and       #
# multithreading, Journal of Computational Chemistry 31 (2010)  #
# 455-461                                                       #
#                                                               #
# DOI 10.1002/jcc.21334                                         #
#                                                               #
# Please see http://vina.scripps.edu for more information.      #
#################################################################

Output will be molecule_4064_out.pdbqt
Detected 4 CPUs
Reading input ... done.
Setting up the scoring function ... done.
Analyzing the binding site ... done.
Using random seed: -1329210084
Performing search ... done.
Refining results ... done.

mode |   affinity | dist from best mode
     | (kcal/mol) | rmsd l.b.| rmsd u.b.
-----+------------+----------+----------
   1          1.7      0.000      0.000
   2          1.8      0.080      2.376
   3          2.8      1.900      7.097
   4          2.8      1.897      7.191
   5          4.0      1.909      2.564
   6          4.0      1.880      3.189
   7          4.1      1.469      3.253
   8          4.1      1.873      4.771
   9          4.3      1.870      4.634
  10          4.3      1.736      2.166
Writing output ... done.
