#################################################################
# If you used AutoDock Vina in your work, please cite:          #
#                                                               #
# O. Trott, A. J. Olson,                                        #
# AutoDock Vina: improving the speed and accuracy of docking    #
# with a new scoring function, efficient optimization and       #
# multithreading, Journal of Computational Chemistry 31 (2010)  #
# 455-461                                                       #
#                                                               #
# DOI 10.1002/jcc.21334                                         #
#                                                               #
# Please see http://vina.scripps.edu for more information.      #
#################################################################

Output will be molecule_2057_out.pdbqt
Detected 4 CPUs
Reading input ... done.
Setting up the scoring function ... done.
Analyzing the binding site ... done.
Using random seed: -713395152
Performing search ... done.
Refining results ... done.

mode |   affinity | dist from best mode
     | (kcal/mol) | rmsd l.b.| rmsd u.b.
-----+------------+----------+----------
   1         10.7      0.000      0.000
   2         12.2      2.327      6.125
   3         12.5      2.135      6.364
   4         12.7      2.718      8.043
   5         12.8      1.802      5.174
   6         13.1      1.408      2.297
   7         13.3      2.915      5.888
   8         13.6      2.452      5.765
   9         13.7      3.022      7.020
  10         13.8      2.620      7.103
Writing output ... done.
