#################################################################
# If you used AutoDock Vina in your work, please cite:          #
#                                                               #
# O. Trott, A. J. Olson,                                        #
# AutoDock Vina: improving the speed and accuracy of docking    #
# with a new scoring function, efficient optimization and       #
# multithreading, Journal of Computational Chemistry 31 (2010)  #
# 455-461                                                       #
#                                                               #
# DOI 10.1002/jcc.21334                                         #
#                                                               #
# Please see http://vina.scripps.edu for more information.      #
#################################################################

Output will be molecule_3643_out.pdbqt
Detected 4 CPUs
Reading input ... done.
Setting up the scoring function ... done.
Analyzing the binding site ... done.
Using random seed: -1389629968
Performing search ... done.
Refining results ... done.

mode |   affinity | dist from best mode
     | (kcal/mol) | rmsd l.b.| rmsd u.b.
-----+------------+----------+----------
   1          0.5      0.000      0.000
   2          1.1      1.939      5.128
   3          1.2      2.118      4.100
   4          2.3      0.899      3.989
   5          3.2      1.455      2.057
   6          3.4      2.264      7.448
   7          3.7      2.201      6.913
   8          4.1      2.437      7.698
   9          4.3      2.484      8.332
  10          4.3      1.985      6.546
Writing output ... done.
