#################################################################
# If you used AutoDock Vina in your work, please cite:          #
#                                                               #
# O. Trott, A. J. Olson,                                        #
# AutoDock Vina: improving the speed and accuracy of docking    #
# with a new scoring function, efficient optimization and       #
# multithreading, Journal of Computational Chemistry 31 (2010)  #
# 455-461                                                       #
#                                                               #
# DOI 10.1002/jcc.21334                                         #
#                                                               #
# Please see http://vina.scripps.edu for more information.      #
#################################################################

Output will be molecule_4390_out.pdbqt
Detected 4 CPUs
Reading input ... done.
Setting up the scoring function ... done.
Analyzing the binding site ... done.
Using random seed: 1380132888
Performing search ... done.
Refining results ... done.

mode |   affinity | dist from best mode
     | (kcal/mol) | rmsd l.b.| rmsd u.b.
-----+------------+----------+----------
   1          3.6      0.000      0.000
   2          4.9      1.611      2.243
   3          5.2      2.376      5.656
   4          5.5      1.406      4.149
   5          5.7      2.337      5.871
   6          5.9      1.934      5.705
   7          6.6      2.233      5.313
   8          6.7      1.530      2.749
   9          6.7      1.712      2.962
  10          7.2      1.842      5.859
Writing output ... done.
