#################################################################
# If you used AutoDock Vina in your work, please cite:          #
#                                                               #
# O. Trott, A. J. Olson,                                        #
# AutoDock Vina: improving the speed and accuracy of docking    #
# with a new scoring function, efficient optimization and       #
# multithreading, Journal of Computational Chemistry 31 (2010)  #
# 455-461                                                       #
#                                                               #
# DOI 10.1002/jcc.21334                                         #
#                                                               #
# Please see http://vina.scripps.edu for more information.      #
#################################################################

Output will be molecule_1290_out.pdbqt
Detected 4 CPUs
Reading input ... done.
Setting up the scoring function ... done.
Analyzing the binding site ... done.
Using random seed: 11797008
Performing search ... done.
Refining results ... done.

mode |   affinity | dist from best mode
     | (kcal/mol) | rmsd l.b.| rmsd u.b.
-----+------------+----------+----------
   1          0.6      0.000      0.000
   2          0.7      2.488      6.800
   3          1.5      1.806      4.457
   4          2.2      2.492      7.782
   5          2.5      3.097      5.672
   6          2.7      2.405      6.870
   7          3.3      2.085      7.101
   8          3.5      2.438      6.803
   9          3.7      2.346      6.704
  10          4.0      1.811      2.638
Writing output ... done.
