#################################################################
# If you used AutoDock Vina in your work, please cite:          #
#                                                               #
# O. Trott, A. J. Olson,                                        #
# AutoDock Vina: improving the speed and accuracy of docking    #
# with a new scoring function, efficient optimization and       #
# multithreading, Journal of Computational Chemistry 31 (2010)  #
# 455-461                                                       #
#                                                               #
# DOI 10.1002/jcc.21334                                         #
#                                                               #
# Please see http://vina.scripps.edu for more information.      #
#################################################################

Output will be molecule_2460_out.pdbqt
Detected 4 CPUs
Reading input ... done.
Setting up the scoring function ... done.
Analyzing the binding site ... done.
Using random seed: -1838555840
Performing search ... done.
Refining results ... done.

mode |   affinity | dist from best mode
     | (kcal/mol) | rmsd l.b.| rmsd u.b.
-----+------------+----------+----------
   1          2.8      0.000      0.000
   2          2.9      0.088      2.086
   3          2.9      1.849      3.859
   4          2.9      1.852      3.296
   5          5.3      2.233      5.669
   6          5.4      2.212      5.259
   7          5.4      1.535      5.738
   8          5.4      1.539      5.732
   9          5.5      1.906      4.789
  10          5.5      1.903      4.884
Writing output ... done.
