#################################################################
# If you used AutoDock Vina in your work, please cite:          #
#                                                               #
# O. Trott, A. J. Olson,                                        #
# AutoDock Vina: improving the speed and accuracy of docking    #
# with a new scoring function, efficient optimization and       #
# multithreading, Journal of Computational Chemistry 31 (2010)  #
# 455-461                                                       #
#                                                               #
# DOI 10.1002/jcc.21334                                         #
#                                                               #
# Please see http://vina.scripps.edu for more information.      #
#################################################################

WARNING: The search space volume > 27000 Angstrom^3 (See FAQ)
Output will be molecule_4816_out.pdbqt
Detected 4 CPUs
Reading input ... done.
Setting up the scoring function ... done.
Analyzing the binding site ... done.
Using random seed: -1606043584
Performing search ... done.
Refining results ... done.

mode |   affinity | dist from best mode
     | (kcal/mol) | rmsd l.b.| rmsd u.b.
-----+------------+----------+----------
   1         -8.9      0.000      0.000
   2         -7.9      3.350      4.326
   3         -7.9     27.071     30.316
   4         -7.8     27.887     30.697
   5         -7.7      3.146      9.108
   6         -7.4     27.505     32.206
   7         -7.4     15.822     17.512
   8         -7.3      5.790     11.542
   9         -7.3     28.230     31.219
  10         -7.2     28.281     31.364
Writing output ... done.
