#################################################################
# If you used AutoDock Vina in your work, please cite:          #
#                                                               #
# O. Trott, A. J. Olson,                                        #
# AutoDock Vina: improving the speed and accuracy of docking    #
# with a new scoring function, efficient optimization and       #
# multithreading, Journal of Computational Chemistry 31 (2010)  #
# 455-461                                                       #
#                                                               #
# DOI 10.1002/jcc.21334                                         #
#                                                               #
# Please see http://vina.scripps.edu for more information.      #
#################################################################

Output will be molecule_3958_out.pdbqt
Detected 4 CPUs
Reading input ... done.
Setting up the scoring function ... done.
Analyzing the binding site ... done.
Using random seed: 576517536
Performing search ... done.
Refining results ... done.

mode |   affinity | dist from best mode
     | (kcal/mol) | rmsd l.b.| rmsd u.b.
-----+------------+----------+----------
   1          1.4      0.000      0.000
   2          1.6      2.137      4.859
   3          1.7      1.064      1.859
   4          1.9      1.624      4.426
   5          2.2      1.950      4.253
   6          2.3      1.755      3.681
   7          2.6      2.103      5.384
   8          2.9      1.635      4.738
   9          4.7      1.641      5.099
  10          5.0      2.112      4.746
Writing output ... done.
