#################################################################
# If you used AutoDock Vina in your work, please cite:          #
#                                                               #
# O. Trott, A. J. Olson,                                        #
# AutoDock Vina: improving the speed and accuracy of docking    #
# with a new scoring function, efficient optimization and       #
# multithreading, Journal of Computational Chemistry 31 (2010)  #
# 455-461                                                       #
#                                                               #
# DOI 10.1002/jcc.21334                                         #
#                                                               #
# Please see http://vina.scripps.edu for more information.      #
#################################################################

Output will be molecule_1255_out.pdbqt
Detected 4 CPUs
Reading input ... done.
Setting up the scoring function ... done.
Analyzing the binding site ... done.
Using random seed: -918410468
Performing search ... done.
Refining results ... done.

mode |   affinity | dist from best mode
     | (kcal/mol) | rmsd l.b.| rmsd u.b.
-----+------------+----------+----------
   1         -1.6      0.000      0.000
   2         -1.5      1.932      4.403
   3         -1.2      2.779      5.421
   4          0.5      1.751      4.190
   5          1.2      2.692      3.806
   6          1.3      1.746      4.675
   7          1.4      1.957      4.659
   8          1.9      1.811      4.325
   9          2.2      3.146      6.873
  10          2.3      2.597      6.837
Writing output ... done.
