#################################################################
# If you used AutoDock Vina in your work, please cite:          #
#                                                               #
# O. Trott, A. J. Olson,                                        #
# AutoDock Vina: improving the speed and accuracy of docking    #
# with a new scoring function, efficient optimization and       #
# multithreading, Journal of Computational Chemistry 31 (2010)  #
# 455-461                                                       #
#                                                               #
# DOI 10.1002/jcc.21334                                         #
#                                                               #
# Please see http://vina.scripps.edu for more information.      #
#################################################################

WARNING: The search space volume > 27000 Angstrom^3 (See FAQ)
Output will be molecule_397_out.pdbqt
Detected 4 CPUs
Reading input ... done.
Setting up the scoring function ... done.
Analyzing the binding site ... done.
Using random seed: -840325528
Performing search ... done.
Refining results ... done.

mode |   affinity | dist from best mode
     | (kcal/mol) | rmsd l.b.| rmsd u.b.
-----+------------+----------+----------
   1         -6.1      0.000      0.000
   2         -6.0     25.567     27.677
   3         -5.9     25.098     28.323
   4         -5.8     23.897     27.416
   5         -5.8      2.494      4.582
   6         -5.6     23.889     26.619
   7         -5.6     26.003     29.402
   8         -5.5     25.230     28.222
   9         -5.5     23.671     26.976
  10         -5.4      3.602      7.770
Writing output ... done.
