#################################################################
# If you used AutoDock Vina in your work, please cite:          #
#                                                               #
# O. Trott, A. J. Olson,                                        #
# AutoDock Vina: improving the speed and accuracy of docking    #
# with a new scoring function, efficient optimization and       #
# multithreading, Journal of Computational Chemistry 31 (2010)  #
# 455-461                                                       #
#                                                               #
# DOI 10.1002/jcc.21334                                         #
#                                                               #
# Please see http://vina.scripps.edu for more information.      #
#################################################################

WARNING: The search space volume > 27000 Angstrom^3 (See FAQ)
Output will be molecule_254_out.pdbqt
Detected 4 CPUs
Reading input ... done.
Setting up the scoring function ... done.
Analyzing the binding site ... done.
Using random seed: -1462960128
Performing search ... done.
Refining results ... done.

mode |   affinity | dist from best mode
     | (kcal/mol) | rmsd l.b.| rmsd u.b.
-----+------------+----------+----------
   1         -6.6      0.000      0.000
   2         -6.3      2.291      3.290
   3         -6.1     29.033     32.287
   4         -6.0     13.672     17.733
   5         -5.7     27.708     31.838
   6         -5.7     26.830     30.704
   7         -5.7      1.229      1.670
   8         -5.6      2.638      3.843
   9         -5.6     26.521     29.426
  10         -5.5     15.658     19.745
Writing output ... done.
