#################################################################
# If you used AutoDock Vina in your work, please cite:          #
#                                                               #
# O. Trott, A. J. Olson,                                        #
# AutoDock Vina: improving the speed and accuracy of docking    #
# with a new scoring function, efficient optimization and       #
# multithreading, Journal of Computational Chemistry 31 (2010)  #
# 455-461                                                       #
#                                                               #
# DOI 10.1002/jcc.21334                                         #
#                                                               #
# Please see http://vina.scripps.edu for more information.      #
#################################################################

Output will be molecule_1629_out.pdbqt
Detected 4 CPUs
Reading input ... done.
Setting up the scoring function ... done.
Analyzing the binding site ... done.
Using random seed: 105266724
Performing search ... done.
Refining results ... done.

mode |   affinity | dist from best mode
     | (kcal/mol) | rmsd l.b.| rmsd u.b.
-----+------------+----------+----------
   1         -0.5      0.000      0.000
   2          0.5      1.859      4.875
   3          1.1      1.126      2.270
   4          1.1      1.978      7.185
   5          1.2      1.779      6.520
   6          1.7      1.614      3.311
   7          2.1      1.828      6.269
   8          2.6      1.897      6.707
   9          3.0      1.851      4.255
  10          3.3      1.874      5.866
Writing output ... done.
