#################################################################
# If you used AutoDock Vina in your work, please cite:          #
#                                                               #
# O. Trott, A. J. Olson,                                        #
# AutoDock Vina: improving the speed and accuracy of docking    #
# with a new scoring function, efficient optimization and       #
# multithreading, Journal of Computational Chemistry 31 (2010)  #
# 455-461                                                       #
#                                                               #
# DOI 10.1002/jcc.21334                                         #
#                                                               #
# Please see http://vina.scripps.edu for more information.      #
#################################################################

WARNING: The search space volume > 27000 Angstrom^3 (See FAQ)
Output will be molecule_236_out.pdbqt
Detected 4 CPUs
Reading input ... done.
Setting up the scoring function ... done.
Analyzing the binding site ... done.
Using random seed: -2024709324
Performing search ... done.
Refining results ... done.

mode |   affinity | dist from best mode
     | (kcal/mol) | rmsd l.b.| rmsd u.b.
-----+------------+----------+----------
   1         -7.9      0.000      0.000
   2         -7.6     17.337     20.584
   3         -7.5     17.833     20.765
   4         -7.5     19.965     24.619
   5         -7.5     20.315     22.794
   6         -7.4      2.963      4.961
   7         -7.3     30.829     36.012
   8         -7.2     31.360     35.961
   9         -7.1     25.934     30.731
  10         -7.1     17.014     19.867
Writing output ... done.
