#################################################################
# If you used AutoDock Vina in your work, please cite:          #
#                                                               #
# O. Trott, A. J. Olson,                                        #
# AutoDock Vina: improving the speed and accuracy of docking    #
# with a new scoring function, efficient optimization and       #
# multithreading, Journal of Computational Chemistry 31 (2010)  #
# 455-461                                                       #
#                                                               #
# DOI 10.1002/jcc.21334                                         #
#                                                               #
# Please see http://vina.scripps.edu for more information.      #
#################################################################

Output will be molecule_3001_out.pdbqt
Detected 4 CPUs
Reading input ... done.
Setting up the scoring function ... done.
Analyzing the binding site ... done.
Using random seed: -1267188312
Performing search ... done.
Refining results ... done.

mode |   affinity | dist from best mode
     | (kcal/mol) | rmsd l.b.| rmsd u.b.
-----+------------+----------+----------
   1         -0.6      0.000      0.000
   2         -0.1      2.189      5.581
   3          0.5      1.862      2.880
   4          0.5      1.774      5.673
   5          0.6      1.671      6.705
   6          0.7      2.739      6.621
   7          0.8      1.757      2.331
   8          1.0      1.661      2.207
   9          1.5      1.782      4.105
  10          1.8      1.676      3.875
Writing output ... done.
