#################################################################
# If you used AutoDock Vina in your work, please cite:          #
#                                                               #
# O. Trott, A. J. Olson,                                        #
# AutoDock Vina: improving the speed and accuracy of docking    #
# with a new scoring function, efficient optimization and       #
# multithreading, Journal of Computational Chemistry 31 (2010)  #
# 455-461                                                       #
#                                                               #
# DOI 10.1002/jcc.21334                                         #
#                                                               #
# Please see http://vina.scripps.edu for more information.      #
#################################################################

Output will be molecule_634_out.pdbqt
Detected 4 CPUs
Reading input ... done.
Setting up the scoring function ... done.
Analyzing the binding site ... done.
Using random seed: 1263025920
Performing search ... done.
Refining results ... done.

mode |   affinity | dist from best mode
     | (kcal/mol) | rmsd l.b.| rmsd u.b.
-----+------------+----------+----------
   1          5.6      0.000      0.000
   2          6.3      2.097      6.089
   3          7.9      2.043      6.111
   4          8.3      2.377      7.436
   5          8.4      2.171      7.700
   6          8.6      1.333      5.160
   7          8.6      2.598      7.415
   8          8.8      2.456      5.512
   9          8.8      2.049      6.820
  10          9.2      2.209      6.520
Writing output ... done.
