#################################################################
# If you used AutoDock Vina in your work, please cite:          #
#                                                               #
# O. Trott, A. J. Olson,                                        #
# AutoDock Vina: improving the speed and accuracy of docking    #
# with a new scoring function, efficient optimization and       #
# multithreading, Journal of Computational Chemistry 31 (2010)  #
# 455-461                                                       #
#                                                               #
# DOI 10.1002/jcc.21334                                         #
#                                                               #
# Please see http://vina.scripps.edu for more information.      #
#################################################################

Output will be molecule_2440_out.pdbqt
Detected 4 CPUs
Reading input ... done.
Setting up the scoring function ... done.
Analyzing the binding site ... done.
Using random seed: 885437800
Performing search ... done.
Refining results ... done.

mode |   affinity | dist from best mode
     | (kcal/mol) | rmsd l.b.| rmsd u.b.
-----+------------+----------+----------
   1          1.0      0.000      0.000
   2          1.6      1.423      2.524
   3          1.8      2.128      5.954
   4          2.1      2.693      6.123
   5          2.4      2.073      2.947
   6          2.7      2.169      4.049
   7          2.9      2.389      5.702
   8          3.1      2.148      5.718
   9          3.3      1.763      6.098
  10          3.6      2.008      4.658
Writing output ... done.
