#################################################################
# If you used AutoDock Vina in your work, please cite:          #
#                                                               #
# O. Trott, A. J. Olson,                                        #
# AutoDock Vina: improving the speed and accuracy of docking    #
# with a new scoring function, efficient optimization and       #
# multithreading, Journal of Computational Chemistry 31 (2010)  #
# 455-461                                                       #
#                                                               #
# DOI 10.1002/jcc.21334                                         #
#                                                               #
# Please see http://vina.scripps.edu for more information.      #
#################################################################

Output will be molecule_3580_out.pdbqt
Detected 4 CPUs
Reading input ... done.
Setting up the scoring function ... done.
Analyzing the binding site ... done.
Using random seed: -1095447008
Performing search ... done.
Refining results ... done.

mode |   affinity | dist from best mode
     | (kcal/mol) | rmsd l.b.| rmsd u.b.
-----+------------+----------+----------
   1         -3.0      0.000      0.000
   2         -2.9      1.683      2.450
   3         -2.6      3.616      5.024
   4         -1.3     16.494     18.244
   5         -1.0     17.155     19.221
   6         -0.7     16.390     18.192
   7         -0.7     16.364     18.224
   8         -0.6     17.000     18.898
   9         -0.4     17.046     19.214
  10          0.7     17.152     19.001
Writing output ... done.
