#################################################################
# If you used AutoDock Vina in your work, please cite:          #
#                                                               #
# O. Trott, A. J. Olson,                                        #
# AutoDock Vina: improving the speed and accuracy of docking    #
# with a new scoring function, efficient optimization and       #
# multithreading, Journal of Computational Chemistry 31 (2010)  #
# 455-461                                                       #
#                                                               #
# DOI 10.1002/jcc.21334                                         #
#                                                               #
# Please see http://vina.scripps.edu for more information.      #
#################################################################

Output will be molecule_4956_out.pdbqt
Detected 4 CPUs
Reading input ... done.
Setting up the scoring function ... done.
Analyzing the binding site ... done.
Using random seed: -2116888448
Performing search ... done.
Refining results ... done.

mode |   affinity | dist from best mode
     | (kcal/mol) | rmsd l.b.| rmsd u.b.
-----+------------+----------+----------
   1          0.9      0.000      0.000
   2          1.0      2.557      5.315
   3          1.1      2.635      5.118
   4          1.1      1.549      1.926
   5          1.8      2.614      4.960
   6          2.0      2.523      5.423
   7          2.2      2.284      5.986
   8          2.3      2.431      5.672
   9          2.4      2.154      5.574
  10          2.5      2.273      3.519
Writing output ... done.
