#################################################################
# If you used AutoDock Vina in your work, please cite:          #
#                                                               #
# O. Trott, A. J. Olson,                                        #
# AutoDock Vina: improving the speed and accuracy of docking    #
# with a new scoring function, efficient optimization and       #
# multithreading, Journal of Computational Chemistry 31 (2010)  #
# 455-461                                                       #
#                                                               #
# DOI 10.1002/jcc.21334                                         #
#                                                               #
# Please see http://vina.scripps.edu for more information.      #
#################################################################

Output will be molecule_3826_out.pdbqt
Detected 4 CPUs
Reading input ... done.
Setting up the scoring function ... done.
Analyzing the binding site ... done.
Using random seed: -247045640
Performing search ... done.
Refining results ... done.

mode |   affinity | dist from best mode
     | (kcal/mol) | rmsd l.b.| rmsd u.b.
-----+------------+----------+----------
   1          2.7      0.000      0.000
   2          3.2      1.056      1.738
   3          3.6      0.979      2.417
   4          4.8      3.281      7.228
   5          5.6      1.100      2.539
   6          6.1      3.057      7.055
   7          6.1      3.541      7.145
   8          6.3      3.186      7.055
   9          6.4      3.219      6.907
  10          6.5      2.996      7.144
Writing output ... done.
