#################################################################
# If you used AutoDock Vina in your work, please cite:          #
#                                                               #
# O. Trott, A. J. Olson,                                        #
# AutoDock Vina: improving the speed and accuracy of docking    #
# with a new scoring function, efficient optimization and       #
# multithreading, Journal of Computational Chemistry 31 (2010)  #
# 455-461                                                       #
#                                                               #
# DOI 10.1002/jcc.21334                                         #
#                                                               #
# Please see http://vina.scripps.edu for more information.      #
#################################################################

Output will be molecule_3883_out.pdbqt
Detected 4 CPUs
Reading input ... done.
Setting up the scoring function ... done.
Analyzing the binding site ... done.
Using random seed: 1629533784
Performing search ... done.
Refining results ... done.

mode |   affinity | dist from best mode
     | (kcal/mol) | rmsd l.b.| rmsd u.b.
-----+------------+----------+----------
   1         -2.0      0.000      0.000
   2         -1.6      2.335      4.497
   3         -1.5      2.437      4.606
   4         -1.5      1.777      4.002
   5         -1.5      3.876      6.398
   6         -1.4      3.877      6.562
   7         -1.2      2.933      5.260
   8         -1.2      3.713      6.810
   9         -1.1      2.429      4.411
  10         -1.0      4.026      7.182
Writing output ... done.
