#################################################################
# If you used AutoDock Vina in your work, please cite:          #
#                                                               #
# O. Trott, A. J. Olson,                                        #
# AutoDock Vina: improving the speed and accuracy of docking    #
# with a new scoring function, efficient optimization and       #
# multithreading, Journal of Computational Chemistry 31 (2010)  #
# 455-461                                                       #
#                                                               #
# DOI 10.1002/jcc.21334                                         #
#                                                               #
# Please see http://vina.scripps.edu for more information.      #
#################################################################

WARNING: The search space volume > 27000 Angstrom^3 (See FAQ)
Output will be molecule_4718_out.pdbqt
Detected 4 CPUs
Reading input ... done.
Setting up the scoring function ... done.
Analyzing the binding site ... done.
Using random seed: -423458768
Performing search ... done.
Refining results ... done.

mode |   affinity | dist from best mode
     | (kcal/mol) | rmsd l.b.| rmsd u.b.
-----+------------+----------+----------
   1         -7.1      0.000      0.000
   2         -7.0     33.389     36.002
   3         -6.9      3.627     10.355
   4         -6.7     29.100     31.854
   5         -6.6     29.164     30.884
   6         -6.5     29.279     31.541
   7         -6.5      3.176     10.193
   8         -6.4     30.404     34.039
   9         -6.4     31.169     34.862
  10         -6.3     28.829     31.491
Writing output ... done.
