#################################################################
# If you used AutoDock Vina in your work, please cite:          #
#                                                               #
# O. Trott, A. J. Olson,                                        #
# AutoDock Vina: improving the speed and accuracy of docking    #
# with a new scoring function, efficient optimization and       #
# multithreading, Journal of Computational Chemistry 31 (2010)  #
# 455-461                                                       #
#                                                               #
# DOI 10.1002/jcc.21334                                         #
#                                                               #
# Please see http://vina.scripps.edu for more information.      #
#################################################################

WARNING: The search space volume > 27000 Angstrom^3 (See FAQ)
Output will be molecule_1425_out.pdbqt
Detected 4 CPUs
Reading input ... done.
Setting up the scoring function ... done.
Analyzing the binding site ... done.
Using random seed: -273485536
Performing search ... done.
Refining results ... done.

mode |   affinity | dist from best mode
     | (kcal/mol) | rmsd l.b.| rmsd u.b.
-----+------------+----------+----------
   1         -7.0      0.000      0.000
   2         -6.4      1.559      2.291
   3         -6.3      2.426      5.465
   4         -5.7      2.334      3.837
   5         -5.7     13.395     16.181
   6         -5.7     13.235     15.576
   7         -5.5     27.572     30.163
   8         -5.5     27.354     29.466
   9         -5.4     26.531     28.184
  10         -5.4     26.602     28.889
Writing output ... done.
