#################################################################
# If you used AutoDock Vina in your work, please cite:          #
#                                                               #
# O. Trott, A. J. Olson,                                        #
# AutoDock Vina: improving the speed and accuracy of docking    #
# with a new scoring function, efficient optimization and       #
# multithreading, Journal of Computational Chemistry 31 (2010)  #
# 455-461                                                       #
#                                                               #
# DOI 10.1002/jcc.21334                                         #
#                                                               #
# Please see http://vina.scripps.edu for more information.      #
#################################################################

WARNING: The search space volume > 27000 Angstrom^3 (See FAQ)
Output will be molecule_3997_out.pdbqt
Detected 4 CPUs
Reading input ... done.
Setting up the scoring function ... done.
Analyzing the binding site ... done.
Using random seed: 654508552
Performing search ... done.
Refining results ... done.

mode |   affinity | dist from best mode
     | (kcal/mol) | rmsd l.b.| rmsd u.b.
-----+------------+----------+----------
   1         -8.3      0.000      0.000
   2         -7.9     26.757     30.803
   3         -7.8     26.833     31.163
   4         -7.6     27.500     30.760
   5         -7.4     27.070     30.658
   6         -7.3     26.785     30.723
   7         -7.2     27.136     31.687
   8         -7.2      2.915      8.047
   9         -7.1     12.617     17.004
  10         -7.1     27.982     31.096
Writing output ... done.
